<?xml version="1.0" encoding="UTF-8"?>
<!-- Generated by org.testng.reporters.JUnitReportReporter -->
<testsuite skipped="0" hostname="ip-172-31-26-51" name="testcases.SearchTests" tests="1" failures="0" timestamp="2023-01-06T13:49:41 UTC" time="19.847" errors="0">
  <testcase name="testSearchCourses" time="19.847" classname="testcases.SearchTests"/>
  <system-out/>
</testsuite> <!-- testcases.SearchTests -->
