<?xml version="1.0" encoding="UTF-8"?>
<!-- Generated by org.testng.reporters.JUnitReportReporter -->
<testsuite skipped="0" hostname="ip-172-31-29-241" name="com.bdd.runners.LoginModuleRunner" tests="6" failures="0" timestamp="2023-01-14T17:05:32 UTC" time="227.901" errors="0">
  <testcase name="runScenario" time="37.990" classname="com.bdd.runners.LoginModuleRunner"/>
  <system-out/>
  <testcase name="runScenario" time="32.939" classname="com.bdd.runners.LoginModuleRunner"/>
  <system-out/>
  <testcase name="runScenario" time="37.275" classname="com.bdd.runners.LoginModuleRunner"/>
  <system-out/>
  <testcase name="runScenario" time="37.686" classname="com.bdd.runners.LoginModuleRunner"/>
  <system-out/>
  <testcase name="runScenario" time="38.846" classname="com.bdd.runners.LoginModuleRunner"/>
  <system-out/>
  <testcase name="runScenario" time="43.165" classname="com.bdd.runners.LoginModuleRunner"/>
  <system-out/>
</testsuite> <!-- com.bdd.runners.LoginModuleRunner -->
